[0.008s] Invoking command in '/home/narjes/robotics_ws/build/robot_estimation': CMAKE_PREFIX_PATH=${CMAKE_PREFIX_PATH}:/opt/ros/humble /usr/bin/cmake /home/narjes/robotics_ws/src/robot_estimation -DCMAKE_INSTALL_PREFIX=/home/narjes/robotics_ws/install/robot_estimation
[0.044s] -- The C compiler identification is GNU 11.4.0
[0.081s] -- The CXX compiler identification is GNU 11.4.0
[0.085s] -- Detecting C compiler ABI info
[0.134s] -- Detecting C compiler ABI info - done
[0.140s] -- Check for working C compiler: /usr/bin/cc - skipped
[0.140s] -- Detecting C compile features
[0.141s] -- Detecting C compile features - done
[0.143s] -- Detecting CXX compiler ABI info
[0.194s] -- Detecting CXX compiler ABI info - done
[0.199s] -- Check for working CXX compiler: /usr/bin/c++ - skipped
[0.199s] -- Detecting CXX compile features
[0.199s] -- Detecting CXX compile features - done
[0.202s] -- Found ament_cmake: 1.3.12 (/opt/ros/humble/share/ament_cmake/cmake)
[0.309s] -- Found Python3: /usr/bin/python3 (found version "3.10.12") found components: Interpreter 
[0.360s] -- Found rclcpp: 16.0.15 (/opt/ros/humble/share/rclcpp/cmake)
[0.381s] -- Found rosidl_generator_c: 3.1.7 (/opt/ros/humble/share/rosidl_generator_c/cmake)
[0.383s] -- Found rosidl_adapter: 3.1.7 (/opt/ros/humble/share/rosidl_adapter/cmake)
[0.387s] -- Found rosidl_generator_cpp: 3.1.7 (/opt/ros/humble/share/rosidl_generator_cpp/cmake)
[0.393s] -- Using all available rosidl_typesupport_c: rosidl_typesupport_fastrtps_c;rosidl_typesupport_introspection_c
[0.401s] -- Using all available rosidl_typesupport_cpp: rosidl_typesupport_fastrtps_cpp;rosidl_typesupport_introspection_cpp
[0.422s] -- Found rmw_implementation_cmake: 6.1.2 (/opt/ros/humble/share/rmw_implementation_cmake/cmake)
[0.423s] -- Found rmw_fastrtps_cpp: 6.2.9 (/opt/ros/humble/share/rmw_fastrtps_cpp/cmake)
[0.477s] -- Found OpenSSL: /usr/lib/x86_64-linux-gnu/libcrypto.so (found version "3.0.2")  
[0.496s] -- Found FastRTPS: /opt/ros/humble/include  
[0.528s] -- Using RMW implementation 'rmw_fastrtps_cpp' as default
[0.534s] -- Looking for pthread.h
[0.589s] -- Looking for pthread.h - found
[0.589s] -- Performing Test CMAKE_HAVE_LIBC_PTHREAD
[0.640s] -- Performing Test CMAKE_HAVE_LIBC_PTHREAD - Success
[0.641s] -- Found Threads: TRUE  
[0.668s] -- Found sensor_msgs: 4.9.0 (/opt/ros/humble/share/sensor_msgs/cmake)
[0.685s] -- Found nav_msgs: 4.9.0 (/opt/ros/humble/share/nav_msgs/cmake)
[0.694s] -- Found std_srvs: 4.9.0 (/opt/ros/humble/share/std_srvs/cmake)
[0.699s] -- Found tf2: 0.25.16 (/opt/ros/humble/share/tf2/cmake)
[0.705s] -- Found tf2_ros: 0.25.16 (/opt/ros/humble/share/tf2_ros/cmake)
[0.755s] -- Found ament_lint_auto: 0.12.14 (/opt/ros/humble/share/ament_lint_auto/cmake)
[0.798s] -- Added test 'cppcheck' to perform static code analysis on C / C++ code
[0.798s] -- Configured cppcheck include dirs: 
[0.798s] -- Configured cppcheck exclude dirs and/or files: 
[0.798s] -- Added test 'flake8' to check Python code syntax and style conventions
[0.798s] -- Added test 'lint_cmake' to check CMake code style
[0.799s] -- Added test 'pep257' to check Python code against some of the docstring style conventions in PEP 257
[0.799s] -- Added test 'uncrustify' to check C / C++ code style
[0.799s] -- Configured uncrustify additional arguments: 
[0.799s] -- Added test 'xmllint' to check XML markup files
[0.800s] -- Configuring done
[0.814s] -- Generating done
[0.820s] -- Build files have been written to: /home/narjes/robotics_ws/build/robot_estimation
[0.829s] Invoked command in '/home/narjes/robotics_ws/build/robot_estimation' returned '0': CMAKE_PREFIX_PATH=${CMAKE_PREFIX_PATH}:/opt/ros/humble /usr/bin/cmake /home/narjes/robotics_ws/src/robot_estimation -DCMAKE_INSTALL_PREFIX=/home/narjes/robotics_ws/install/robot_estimation
[0.829s] Invoking command in '/home/narjes/robotics_ws/build/robot_estimation': CMAKE_PREFIX_PATH=${CMAKE_PREFIX_PATH}:/opt/ros/humble /usr/bin/cmake --build /home/narjes/robotics_ws/build/robot_estimation -- -j20 -l20
[0.864s] [  8%] [32mBuilding CXX object CMakeFiles/motion_model_odom_node.dir/scripts/motion_model_odom.cpp.o[0m
[0.866s] [ 33%] [32mBuilding CXX object CMakeFiles/complementary_yaw_node.dir/scripts/complementary_yaw_node.cpp.o[0m
[0.866s] [ 33%] [32mBuilding CXX object CMakeFiles/bias_correct_imu_node.dir/scripts/bias_correct_imu.cpp.o[0m
[0.866s] [ 33%] [32mBuilding CXX object CMakeFiles/motor_command_node.dir/scripts/motor_command.cpp.o[0m
[0.866s] [ 41%] [32mBuilding CXX object CMakeFiles/low_pass_filter_node.dir/scripts/low_pass_filter.cpp.o[0m
[0.868s] [ 50%] [32mBuilding CXX object CMakeFiles/diff_drive_controller_node.dir/scripts/diff_drive_controller.cpp.o[0m
[9.375s] [ 58%] [32m[1mLinking CXX executable motion_model_odom_node[0m
[9.653s] [ 66%] [32m[1mLinking CXX executable diff_drive_controller_node[0m
[9.802s] [ 66%] Built target motion_model_odom_node
[10.053s] [ 66%] Built target diff_drive_controller_node
[10.101s] [ 75%] [32m[1mLinking CXX executable motor_command_node[0m
[10.403s] [ 75%] Built target motor_command_node
[11.221s] [ 83%] [32m[1mLinking CXX executable complementary_yaw_node[0m
[11.534s] [ 91%] [32m[1mLinking CXX executable low_pass_filter_node[0m
[11.632s] [ 91%] Built target complementary_yaw_node
[11.888s] [ 91%] Built target low_pass_filter_node
[12.064s] [100%] [32m[1mLinking CXX executable bias_correct_imu_node[0m
[12.351s] [100%] Built target bias_correct_imu_node
[12.361s] Invoked command in '/home/narjes/robotics_ws/build/robot_estimation' returned '0': CMAKE_PREFIX_PATH=${CMAKE_PREFIX_PATH}:/opt/ros/humble /usr/bin/cmake --build /home/narjes/robotics_ws/build/robot_estimation -- -j20 -l20
[12.369s] Invoking command in '/home/narjes/robotics_ws/build/robot_estimation': CMAKE_PREFIX_PATH=${CMAKE_PREFIX_PATH}:/opt/ros/humble /usr/bin/cmake --install /home/narjes/robotics_ws/build/robot_estimation
[12.375s] -- Install configuration: ""
[12.375s] -- Installing: /home/narjes/robotics_ws/install/robot_estimation/share/robot_estimation/scripts
[12.376s] -- Installing: /home/narjes/robotics_ws/install/robot_estimation/share/robot_estimation/scripts/complementary_yaw_node.cpp
[12.376s] -- Installing: /home/narjes/robotics_ws/install/robot_estimation/share/robot_estimation/scripts/diff_drive_controller.cpp
[12.376s] -- Installing: /home/narjes/robotics_ws/install/robot_estimation/share/robot_estimation/scripts/motor_command.cpp
[12.376s] -- Installing: /home/narjes/robotics_ws/install/robot_estimation/share/robot_estimation/scripts/motion_model_odom.cpp
[12.376s] -- Installing: /home/narjes/robotics_ws/install/robot_estimation/share/robot_estimation/scripts/low_pass_filter.cpp
[12.376s] -- Installing: /home/narjes/robotics_ws/install/robot_estimation/share/robot_estimation/scripts/bias_correct_imu.cpp
[12.376s] -- Installing: /home/narjes/robotics_ws/install/robot_estimation/share/robot_estimation/launch
[12.376s] -- Installing: /home/narjes/robotics_ws/install/robot_estimation/share/robot_estimation/launch/estimator.launch.py
[12.377s] -- Installing: /home/narjes/robotics_ws/install/robot_estimation/lib/robot_estimation/low_pass_filter_node
[12.379s] -- Set runtime path of "/home/narjes/robotics_ws/install/robot_estimation/lib/robot_estimation/low_pass_filter_node" to ""
[12.379s] -- Installing: /home/narjes/robotics_ws/install/robot_estimation/lib/robot_estimation/bias_correct_imu_node
[12.381s] -- Set runtime path of "/home/narjes/robotics_ws/install/robot_estimation/lib/robot_estimation/bias_correct_imu_node" to ""
[12.381s] -- Installing: /home/narjes/robotics_ws/install/robot_estimation/lib/robot_estimation/complementary_yaw_node
[12.383s] -- Set runtime path of "/home/narjes/robotics_ws/install/robot_estimation/lib/robot_estimation/complementary_yaw_node" to ""
[12.383s] -- Installing: /home/narjes/robotics_ws/install/robot_estimation/lib/robot_estimation/diff_drive_controller_node
[12.385s] -- Set runtime path of "/home/narjes/robotics_ws/install/robot_estimation/lib/robot_estimation/diff_drive_controller_node" to ""
[12.385s] -- Installing: /home/narjes/robotics_ws/install/robot_estimation/lib/robot_estimation/motor_command_node
[12.386s] -- Set runtime path of "/home/narjes/robotics_ws/install/robot_estimation/lib/robot_estimation/motor_command_node" to ""
[12.386s] -- Installing: /home/narjes/robotics_ws/install/robot_estimation/lib/robot_estimation/motion_model_odom_node
[12.388s] -- Set runtime path of "/home/narjes/robotics_ws/install/robot_estimation/lib/robot_estimation/motion_model_odom_node" to ""
[12.388s] -- Installing: /home/narjes/robotics_ws/install/robot_estimation/share/ament_index/resource_index/package_run_dependencies/robot_estimation
[12.388s] -- Installing: /home/narjes/robotics_ws/install/robot_estimation/share/ament_index/resource_index/parent_prefix_path/robot_estimation
[12.388s] -- Installing: /home/narjes/robotics_ws/install/robot_estimation/share/robot_estimation/environment/ament_prefix_path.sh
[12.388s] -- Installing: /home/narjes/robotics_ws/install/robot_estimation/share/robot_estimation/environment/ament_prefix_path.dsv
[12.388s] -- Installing: /home/narjes/robotics_ws/install/robot_estimation/share/robot_estimation/environment/path.sh
[12.389s] -- Installing: /home/narjes/robotics_ws/install/robot_estimation/share/robot_estimation/environment/path.dsv
[12.389s] -- Installing: /home/narjes/robotics_ws/install/robot_estimation/share/robot_estimation/local_setup.bash
[12.389s] -- Installing: /home/narjes/robotics_ws/install/robot_estimation/share/robot_estimation/local_setup.sh
[12.389s] -- Installing: /home/narjes/robotics_ws/install/robot_estimation/share/robot_estimation/local_setup.zsh
[12.389s] -- Installing: /home/narjes/robotics_ws/install/robot_estimation/share/robot_estimation/local_setup.dsv
[12.389s] -- Installing: /home/narjes/robotics_ws/install/robot_estimation/share/robot_estimation/package.dsv
[12.389s] -- Installing: /home/narjes/robotics_ws/install/robot_estimation/share/ament_index/resource_index/packages/robot_estimation
[12.389s] -- Installing: /home/narjes/robotics_ws/install/robot_estimation/share/robot_estimation/cmake/robot_estimationConfig.cmake
[12.389s] -- Installing: /home/narjes/robotics_ws/install/robot_estimation/share/robot_estimation/cmake/robot_estimationConfig-version.cmake
[12.389s] -- Installing: /home/narjes/robotics_ws/install/robot_estimation/share/robot_estimation/package.xml
[12.391s] Invoked command in '/home/narjes/robotics_ws/build/robot_estimation' returned '0': CMAKE_PREFIX_PATH=${CMAKE_PREFIX_PATH}:/opt/ros/humble /usr/bin/cmake --install /home/narjes/robotics_ws/build/robot_estimation
