[0.009s] Invoking command in '/home/narjes/robotics_ws/build/robot_description': CMAKE_PREFIX_PATH=${CMAKE_PREFIX_PATH}:/opt/ros/humble /usr/bin/cmake /home/narjes/robotics_ws/src/robot_description -DCMAKE_INSTALL_PREFIX=/home/narjes/robotics_ws/install/robot_description
[0.049s] -- The C compiler identification is GNU 11.4.0
[0.086s] -- The CXX compiler identification is GNU 11.4.0
[0.090s] -- Detecting C compiler ABI info
[0.137s] -- Detecting C compiler ABI info - done
[0.143s] -- Check for working C compiler: /usr/bin/cc - skipped
[0.143s] -- Detecting C compile features
[0.143s] -- Detecting C compile features - done
[0.145s] -- Detecting CXX compiler ABI info
[0.196s] -- Detecting CXX compiler ABI info - done
[0.200s] -- Check for working CXX compiler: /usr/bin/c++ - skipped
[0.200s] -- Detecting CXX compile features
[0.200s] -- Detecting CXX compile features - done
[0.206s] -- Found ament_cmake: 1.3.12 (/opt/ros/humble/share/ament_cmake/cmake)
[0.305s] -- Found Python3: /usr/bin/python3 (found version "3.10.12") found components: Interpreter 
[0.359s] -- Found rclcpp: 16.0.15 (/opt/ros/humble/share/rclcpp/cmake)
[0.380s] -- Found rosidl_generator_c: 3.1.7 (/opt/ros/humble/share/rosidl_generator_c/cmake)
[0.382s] -- Found rosidl_adapter: 3.1.7 (/opt/ros/humble/share/rosidl_adapter/cmake)
[0.386s] -- Found rosidl_generator_cpp: 3.1.7 (/opt/ros/humble/share/rosidl_generator_cpp/cmake)
[0.392s] -- Using all available rosidl_typesupport_c: rosidl_typesupport_fastrtps_c;rosidl_typesupport_introspection_c
[0.400s] -- Using all available rosidl_typesupport_cpp: rosidl_typesupport_fastrtps_cpp;rosidl_typesupport_introspection_cpp
[0.424s] -- Found rmw_implementation_cmake: 6.1.2 (/opt/ros/humble/share/rmw_implementation_cmake/cmake)
[0.425s] -- Found rmw_fastrtps_cpp: 6.2.9 (/opt/ros/humble/share/rmw_fastrtps_cpp/cmake)
[0.482s] -- Found OpenSSL: /usr/lib/x86_64-linux-gnu/libcrypto.so (found version "3.0.2")  
[0.502s] -- Found FastRTPS: /opt/ros/humble/include  
[0.530s] -- Using RMW implementation 'rmw_fastrtps_cpp' as default
[0.533s] -- Looking for pthread.h
[0.581s] -- Looking for pthread.h - found
[0.581s] -- Performing Test CMAKE_HAVE_LIBC_PTHREAD
[0.630s] -- Performing Test CMAKE_HAVE_LIBC_PTHREAD - Success
[0.631s] -- Found Threads: TRUE  
[0.661s] -- Found sensor_msgs: 4.9.0 (/opt/ros/humble/share/sensor_msgs/cmake)
[0.678s] -- Found nav_msgs: 4.9.0 (/opt/ros/humble/share/nav_msgs/cmake)
[0.687s] -- Found std_srvs: 4.9.0 (/opt/ros/humble/share/std_srvs/cmake)
[0.693s] -- Found tf2: 0.25.16 (/opt/ros/humble/share/tf2/cmake)
[0.702s] -- Found tf2_ros: 0.25.16 (/opt/ros/humble/share/tf2_ros/cmake)
[0.754s] -- Found ament_lint_auto: 0.12.14 (/opt/ros/humble/share/ament_lint_auto/cmake)
[0.798s] -- Added test 'cppcheck' to perform static code analysis on C / C++ code
[0.798s] -- Configured cppcheck include dirs: 
[0.798s] -- Configured cppcheck exclude dirs and/or files: 
[0.798s] -- Added test 'flake8' to check Python code syntax and style conventions
[0.798s] -- Added test 'lint_cmake' to check CMake code style
[0.799s] -- Added test 'pep257' to check Python code against some of the docstring style conventions in PEP 257
[0.799s] -- Added test 'uncrustify' to check C / C++ code style
[0.799s] -- Configured uncrustify additional arguments: 
[0.800s] -- Added test 'xmllint' to check XML markup files
[0.800s] -- Configuring done
[0.810s] -- Generating done
[0.813s] -- Build files have been written to: /home/narjes/robotics_ws/build/robot_description
[0.822s] Invoked command in '/home/narjes/robotics_ws/build/robot_description' returned '0': CMAKE_PREFIX_PATH=${CMAKE_PREFIX_PATH}:/opt/ros/humble /usr/bin/cmake /home/narjes/robotics_ws/src/robot_description -DCMAKE_INSTALL_PREFIX=/home/narjes/robotics_ws/install/robot_description
[0.823s] Invoking command in '/home/narjes/robotics_ws/build/robot_description': CMAKE_PREFIX_PATH=${CMAKE_PREFIX_PATH}:/opt/ros/humble /usr/bin/cmake --build /home/narjes/robotics_ws/build/robot_description -- -j20 -l20
[0.859s] [ 16%] [32mBuilding CXX object CMakeFiles/ekf_diff_imu_node.dir/scripts/ekf_diff_imu.cpp.o[0m
[0.862s] [ 33%] [32mBuilding CXX object CMakeFiles/frame_id_converter_node.dir/scripts/frame_id_converter.cpp.o[0m
[0.862s] [ 50%] [32mBuilding CXX object CMakeFiles/motor_command_node.dir/scripts/motor_command.cpp.o[0m
[9.081s] [ 66%] [32m[1mLinking CXX executable frame_id_converter_node[0m
[9.474s] [ 66%] Built target frame_id_converter_node
[11.496s] [ 83%] [32m[1mLinking CXX executable motor_command_node[0m
[11.845s] [ 83%] Built target motor_command_node
[13.771s] [100%] [32m[1mLinking CXX executable ekf_diff_imu_node[0m
[14.165s] [100%] Built target ekf_diff_imu_node
[14.174s] Invoked command in '/home/narjes/robotics_ws/build/robot_description' returned '0': CMAKE_PREFIX_PATH=${CMAKE_PREFIX_PATH}:/opt/ros/humble /usr/bin/cmake --build /home/narjes/robotics_ws/build/robot_description -- -j20 -l20
[14.176s] Invoking command in '/home/narjes/robotics_ws/build/robot_description': CMAKE_PREFIX_PATH=${CMAKE_PREFIX_PATH}:/opt/ros/humble /usr/bin/cmake --install /home/narjes/robotics_ws/build/robot_description
[14.181s] -- Install configuration: ""
[14.181s] -- Installing: /home/narjes/robotics_ws/install/robot_description/share/robot_description/src
[14.181s] -- Installing: /home/narjes/robotics_ws/install/robot_description/share/robot_description/src/meshes
[14.182s] -- Installing: /home/narjes/robotics_ws/install/robot_description/share/robot_description/src/meshes/Front_Right_Caster_Wheel_Main.STL
[14.182s] -- Installing: /home/narjes/robotics_ws/install/robot_description/share/robot_description/src/meshes/Rear_Left_Caster_Wheel_Main.STL
[14.182s] -- Installing: /home/narjes/robotics_ws/install/robot_description/share/robot_description/src/meshes/wheel.STL
[14.182s] -- Installing: /home/narjes/robotics_ws/install/robot_description/share/robot_description/src/meshes/Front_Left_Caster_Wheel_Main.STL
[14.183s] -- Installing: /home/narjes/robotics_ws/install/robot_description/share/robot_description/src/meshes/zed.STL
[14.183s] -- Installing: /home/narjes/robotics_ws/install/robot_description/share/robot_description/src/meshes/chasis.STL
[14.196s] -- Installing: /home/narjes/robotics_ws/install/robot_description/share/robot_description/src/meshes/wheel.usd
[14.196s] -- Installing: /home/narjes/robotics_ws/install/robot_description/share/robot_description/src/meshes/Rear_Trailing.STL
[14.197s] -- Installing: /home/narjes/robotics_ws/install/robot_description/share/robot_description/src/meshes/Rear_Right_Caster_Wheel_Main.STL
[14.198s] -- Installing: /home/narjes/robotics_ws/install/robot_description/share/robot_description/src/description
[14.198s] -- Installing: /home/narjes/robotics_ws/install/robot_description/share/robot_description/src/description/robot.urdf
[14.198s] -- Installing: /home/narjes/robotics_ws/install/robot_description/share/robot_description/launch
[14.198s] -- Installing: /home/narjes/robotics_ws/install/robot_description/share/robot_description/launch/gazebo.launch.py
[14.198s] -- Installing: /home/narjes/robotics_ws/install/robot_description/share/robot_description/launch/display.launch.py
[14.198s] -- Installing: /home/narjes/robotics_ws/install/robot_description/share/robot_description/rviz
[14.198s] -- Installing: /home/narjes/robotics_ws/install/robot_description/share/robot_description/rviz/display.rviz
[14.198s] -- Installing: /home/narjes/robotics_ws/install/robot_description/share/robot_description/rviz/gazebo.rviz
[14.198s] -- Installing: /home/narjes/robotics_ws/install/robot_description/share/robot_description/config
[14.198s] -- Installing: /home/narjes/robotics_ws/install/robot_description/share/robot_description/config/gz_bridge.yaml
[14.198s] -- Installing: /home/narjes/robotics_ws/install/robot_description/share/robot_description/world
[14.198s] -- Installing: /home/narjes/robotics_ws/install/robot_description/share/robot_description/world/test.sdf
[14.198s] -- Installing: /home/narjes/robotics_ws/install/robot_description/share/robot_description/world/depot.sdf
[14.199s] -- Installing: /home/narjes/robotics_ws/install/robot_description/share/robot_description/scripts
[14.199s] -- Installing: /home/narjes/robotics_ws/install/robot_description/share/robot_description/scripts/ekf_diff_imu.cpp
[14.199s] -- Installing: /home/narjes/robotics_ws/install/robot_description/share/robot_description/scripts/frame_id_converter.cpp
[14.199s] -- Installing: /home/narjes/robotics_ws/install/robot_description/share/robot_description/scripts/motor_command.cpp
[14.199s] -- Installing: /home/narjes/robotics_ws/install/robot_description/lib/robot_description/frame_id_converter_node
[14.200s] -- Set runtime path of "/home/narjes/robotics_ws/install/robot_description/lib/robot_description/frame_id_converter_node" to ""
[14.200s] -- Installing: /home/narjes/robotics_ws/install/robot_description/lib/robot_description/ekf_diff_imu_node
[14.203s] -- Set runtime path of "/home/narjes/robotics_ws/install/robot_description/lib/robot_description/ekf_diff_imu_node" to ""
[14.203s] -- Installing: /home/narjes/robotics_ws/install/robot_description/lib/robot_description/motor_command_node
[14.205s] -- Set runtime path of "/home/narjes/robotics_ws/install/robot_description/lib/robot_description/motor_command_node" to ""
[14.205s] -- Installing: /home/narjes/robotics_ws/install/robot_description/share/ament_index/resource_index/package_run_dependencies/robot_description
[14.205s] -- Installing: /home/narjes/robotics_ws/install/robot_description/share/ament_index/resource_index/parent_prefix_path/robot_description
[14.205s] -- Installing: /home/narjes/robotics_ws/install/robot_description/share/robot_description/environment/ament_prefix_path.sh
[14.205s] -- Installing: /home/narjes/robotics_ws/install/robot_description/share/robot_description/environment/ament_prefix_path.dsv
[14.205s] -- Installing: /home/narjes/robotics_ws/install/robot_description/share/robot_description/environment/path.sh
[14.205s] -- Installing: /home/narjes/robotics_ws/install/robot_description/share/robot_description/environment/path.dsv
[14.205s] -- Installing: /home/narjes/robotics_ws/install/robot_description/share/robot_description/local_setup.bash
[14.205s] -- Installing: /home/narjes/robotics_ws/install/robot_description/share/robot_description/local_setup.sh
[14.205s] -- Installing: /home/narjes/robotics_ws/install/robot_description/share/robot_description/local_setup.zsh
[14.205s] -- Installing: /home/narjes/robotics_ws/install/robot_description/share/robot_description/local_setup.dsv
[14.205s] -- Installing: /home/narjes/robotics_ws/install/robot_description/share/robot_description/package.dsv
[14.206s] -- Installing: /home/narjes/robotics_ws/install/robot_description/share/ament_index/resource_index/packages/robot_description
[14.206s] -- Installing: /home/narjes/robotics_ws/install/robot_description/share/robot_description/cmake/robot_descriptionConfig.cmake
[14.206s] -- Installing: /home/narjes/robotics_ws/install/robot_description/share/robot_description/cmake/robot_descriptionConfig-version.cmake
[14.206s] -- Installing: /home/narjes/robotics_ws/install/robot_description/share/robot_description/package.xml
[14.207s] Invoked command in '/home/narjes/robotics_ws/build/robot_description' returned '0': CMAKE_PREFIX_PATH=${CMAKE_PREFIX_PATH}:/opt/ros/humble /usr/bin/cmake --install /home/narjes/robotics_ws/build/robot_description
