[0.065s] DEBUG:colcon:Command line arguments: ['/usr/bin/colcon', 'build']
[0.065s] DEBUG:colcon:Parsed command line arguments: Namespace(log_base=None, log_level=None, verb_name='build', build_base='build', install_base='install', merge_install=False, symlink_install=False, test_result_base=None, continue_on_error=False, executor='parallel', parallel_workers=20, event_handlers=None, ignore_user_meta=False, metas=['./colcon.meta'], base_paths=['.'], packages_ignore=None, packages_ignore_regex=None, paths=None, packages_up_to=None, packages_up_to_regex=None, packages_above=None, packages_above_and_dependencies=None, packages_above_depth=None, packages_select_by_dep=None, packages_skip_by_dep=None, packages_skip_up_to=None, packages_select_build_failed=False, packages_skip_build_finished=False, packages_select_test_failures=False, packages_skip_test_passed=False, packages_select=None, packages_skip=None, packages_select_regex=None, packages_skip_regex=None, packages_start=None, packages_end=None, allow_overriding=[], cmake_args=None, cmake_target=None, cmake_target_skip_unavailable=False, cmake_clean_cache=False, cmake_clean_first=False, cmake_force_configure=False, ament_cmake_args=None, catkin_cmake_args=None, catkin_skip_building_tests=False, mixin_files=None, mixin=None, verb_parser=<colcon_mixin.mixin.mixin_argument.MixinArgumentDecorator object at 0x7532f8e56140>, verb_extension=<colcon_core.verb.build.BuildVerb object at 0x7532f8e55c90>, main=<bound method BuildVerb.main of <colcon_core.verb.build.BuildVerb object at 0x7532f8e55c90>>, mixin_verb=('build',))
[0.242s] Level 1:colcon.colcon_core.package_discovery:discover_packages(colcon_meta) check parameters
[0.242s] Level 1:colcon.colcon_core.package_discovery:discover_packages(recursive) check parameters
[0.242s] Level 1:colcon.colcon_core.package_discovery:discover_packages(ignore) check parameters
[0.242s] Level 1:colcon.colcon_core.package_discovery:discover_packages(path) check parameters
[0.242s] Level 1:colcon.colcon_core.package_discovery:discover_packages(colcon_meta) discover
[0.242s] Level 1:colcon.colcon_core.package_discovery:discover_packages(recursive) discover
[0.242s] INFO:colcon.colcon_core.package_discovery:Crawling recursively for packages in '/home/narjes/robotics_ws'
[0.242s] Level 1:colcon.colcon_core.package_identification:_identify(.) by extensions ['ignore', 'ignore_ament_install']
[0.242s] Level 1:colcon.colcon_core.package_identification:_identify(.) by extension 'ignore'
[0.242s] Level 1:colcon.colcon_core.package_identification:_identify(.) by extension 'ignore_ament_install'
[0.242s] Level 1:colcon.colcon_core.package_identification:_identify(.) by extensions ['colcon_pkg']
[0.243s] Level 1:colcon.colcon_core.package_identification:_identify(.) by extension 'colcon_pkg'
[0.243s] Level 1:colcon.colcon_core.package_identification:_identify(.) by extensions ['colcon_meta']
[0.243s] Level 1:colcon.colcon_core.package_identification:_identify(.) by extension 'colcon_meta'
[0.243s] Level 1:colcon.colcon_core.package_identification:_identify(.) by extensions ['ros']
[0.243s] Level 1:colcon.colcon_core.package_identification:_identify(.) by extension 'ros'
[0.249s] Level 1:colcon.colcon_core.package_identification:_identify(.) by extensions ['cmake', 'python']
[0.249s] Level 1:colcon.colcon_core.package_identification:_identify(.) by extension 'cmake'
[0.249s] Level 1:colcon.colcon_core.package_identification:_identify(.) by extension 'python'
[0.249s] Level 1:colcon.colcon_core.package_identification:_identify(.) by extensions ['python_setup_py']
[0.249s] Level 1:colcon.colcon_core.package_identification:_identify(.) by extension 'python_setup_py'
[0.250s] Level 1:colcon.colcon_core.package_identification:_identify(build) by extensions ['ignore', 'ignore_ament_install']
[0.250s] Level 1:colcon.colcon_core.package_identification:_identify(build) by extension 'ignore'
[0.250s] Level 1:colcon.colcon_core.package_identification:_identify(build) ignored
[0.250s] Level 1:colcon.colcon_core.package_identification:_identify(install) by extensions ['ignore', 'ignore_ament_install']
[0.250s] Level 1:colcon.colcon_core.package_identification:_identify(install) by extension 'ignore'
[0.250s] Level 1:colcon.colcon_core.package_identification:_identify(install) ignored
[0.250s] Level 1:colcon.colcon_core.package_identification:_identify(log) by extensions ['ignore', 'ignore_ament_install']
[0.250s] Level 1:colcon.colcon_core.package_identification:_identify(log) by extension 'ignore'
[0.250s] Level 1:colcon.colcon_core.package_identification:_identify(log) ignored
[0.250s] Level 1:colcon.colcon_core.package_identification:_identify(src) by extensions ['ignore', 'ignore_ament_install']
[0.250s] Level 1:colcon.colcon_core.package_identification:_identify(src) by extension 'ignore'
[0.250s] Level 1:colcon.colcon_core.package_identification:_identify(src) by extension 'ignore_ament_install'
[0.250s] Level 1:colcon.colcon_core.package_identification:_identify(src) by extensions ['colcon_pkg']
[0.250s] Level 1:colcon.colcon_core.package_identification:_identify(src) by extension 'colcon_pkg'
[0.250s] Level 1:colcon.colcon_core.package_identification:_identify(src) by extensions ['colcon_meta']
[0.250s] Level 1:colcon.colcon_core.package_identification:_identify(src) by extension 'colcon_meta'
[0.250s] Level 1:colcon.colcon_core.package_identification:_identify(src) by extensions ['ros']
[0.250s] Level 1:colcon.colcon_core.package_identification:_identify(src) by extension 'ros'
[0.250s] Level 1:colcon.colcon_core.package_identification:_identify(src) by extensions ['cmake', 'python']
[0.250s] Level 1:colcon.colcon_core.package_identification:_identify(src) by extension 'cmake'
[0.250s] Level 1:colcon.colcon_core.package_identification:_identify(src) by extension 'python'
[0.250s] Level 1:colcon.colcon_core.package_identification:_identify(src) by extensions ['python_setup_py']
[0.250s] Level 1:colcon.colcon_core.package_identification:_identify(src) by extension 'python_setup_py'
[0.250s] Level 1:colcon.colcon_core.package_identification:_identify(src/robot_description) by extensions ['ignore', 'ignore_ament_install']
[0.250s] Level 1:colcon.colcon_core.package_identification:_identify(src/robot_description) by extension 'ignore'
[0.250s] Level 1:colcon.colcon_core.package_identification:_identify(src/robot_description) by extension 'ignore_ament_install'
[0.250s] Level 1:colcon.colcon_core.package_identification:_identify(src/robot_description) by extensions ['colcon_pkg']
[0.250s] Level 1:colcon.colcon_core.package_identification:_identify(src/robot_description) by extension 'colcon_pkg'
[0.250s] Level 1:colcon.colcon_core.package_identification:_identify(src/robot_description) by extensions ['colcon_meta']
[0.250s] Level 1:colcon.colcon_core.package_identification:_identify(src/robot_description) by extension 'colcon_meta'
[0.250s] Level 1:colcon.colcon_core.package_identification:_identify(src/robot_description) by extensions ['ros']
[0.250s] Level 1:colcon.colcon_core.package_identification:_identify(src/robot_description) by extension 'ros'
[0.252s] DEBUG:colcon.colcon_core.package_identification:Package 'src/robot_description' with type 'ros.ament_cmake' and name 'robot_description'
[0.252s] Level 1:colcon.colcon_core.package_identification:_identify(src/robot_estimation) by extensions ['ignore', 'ignore_ament_install']
[0.252s] Level 1:colcon.colcon_core.package_identification:_identify(src/robot_estimation) by extension 'ignore'
[0.252s] Level 1:colcon.colcon_core.package_identification:_identify(src/robot_estimation) by extension 'ignore_ament_install'
[0.252s] Level 1:colcon.colcon_core.package_identification:_identify(src/robot_estimation) by extensions ['colcon_pkg']
[0.252s] Level 1:colcon.colcon_core.package_identification:_identify(src/robot_estimation) by extension 'colcon_pkg'
[0.252s] Level 1:colcon.colcon_core.package_identification:_identify(src/robot_estimation) by extensions ['colcon_meta']
[0.252s] Level 1:colcon.colcon_core.package_identification:_identify(src/robot_estimation) by extension 'colcon_meta'
[0.252s] Level 1:colcon.colcon_core.package_identification:_identify(src/robot_estimation) by extensions ['ros']
[0.252s] Level 1:colcon.colcon_core.package_identification:_identify(src/robot_estimation) by extension 'ros'
[0.252s] DEBUG:colcon.colcon_core.package_identification:Package 'src/robot_estimation' with type 'ros.ament_cmake' and name 'robot_estimation'
[0.252s] Level 1:colcon.colcon_core.package_identification:_identify(src/robot_nav) by extensions ['ignore', 'ignore_ament_install']
[0.252s] Level 1:colcon.colcon_core.package_identification:_identify(src/robot_nav) by extension 'ignore'
[0.253s] Level 1:colcon.colcon_core.package_identification:_identify(src/robot_nav) by extension 'ignore_ament_install'
[0.253s] Level 1:colcon.colcon_core.package_identification:_identify(src/robot_nav) by extensions ['colcon_pkg']
[0.253s] Level 1:colcon.colcon_core.package_identification:_identify(src/robot_nav) by extension 'colcon_pkg'
[0.253s] Level 1:colcon.colcon_core.package_identification:_identify(src/robot_nav) by extensions ['colcon_meta']
[0.253s] Level 1:colcon.colcon_core.package_identification:_identify(src/robot_nav) by extension 'colcon_meta'
[0.253s] Level 1:colcon.colcon_core.package_identification:_identify(src/robot_nav) by extensions ['ros']
[0.253s] Level 1:colcon.colcon_core.package_identification:_identify(src/robot_nav) by extension 'ros'
[0.253s] DEBUG:colcon.colcon_core.package_identification:Package 'src/robot_nav' with type 'ros.ament_cmake' and name 'robot_nav'
[0.253s] Level 1:colcon.colcon_core.package_discovery:discover_packages(recursive) using defaults
[0.253s] Level 1:colcon.colcon_core.package_discovery:discover_packages(ignore) discover
[0.253s] Level 1:colcon.colcon_core.package_discovery:discover_packages(ignore) using defaults
[0.253s] Level 1:colcon.colcon_core.package_discovery:discover_packages(path) discover
[0.253s] Level 1:colcon.colcon_core.package_discovery:discover_packages(path) using defaults
[0.273s] Level 1:colcon.colcon_core.package_discovery:discover_packages(prefix_path) check parameters
[0.273s] Level 1:colcon.colcon_core.package_discovery:discover_packages(prefix_path) discover
[0.274s] WARNING:colcon.colcon_ros.prefix_path.ament:The path '/home/narjes/robotics_ws/install/robot_nav' in the environment variable AMENT_PREFIX_PATH doesn't exist
[0.274s] WARNING:colcon.colcon_ros.prefix_path.ament:The path '/home/narjes/robotics_ws/install/robot_estimation' in the environment variable AMENT_PREFIX_PATH doesn't exist
[0.274s] WARNING:colcon.colcon_ros.prefix_path.ament:The path '/home/narjes/robotics_ws/install/robot_description' in the environment variable AMENT_PREFIX_PATH doesn't exist
[0.274s] WARNING:colcon.colcon_ros.prefix_path.catkin:The path '/home/narjes/robotics_ws/install/robot_nav' in the environment variable CMAKE_PREFIX_PATH doesn't exist
[0.274s] WARNING:colcon.colcon_ros.prefix_path.catkin:The path '/home/narjes/robotics_ws/install/robot_estimation' in the environment variable CMAKE_PREFIX_PATH doesn't exist
[0.274s] WARNING:colcon.colcon_ros.prefix_path.catkin:The path '/home/narjes/robotics_ws/install/robot_description' in the environment variable CMAKE_PREFIX_PATH doesn't exist
[0.274s] DEBUG:colcon.colcon_installed_package_information.package_discovery:Found 0 installed packages in /home/narjes/robotics_ws/install
[0.275s] DEBUG:colcon.colcon_installed_package_information.package_discovery:Found 274 installed packages in /opt/ros/humble
[0.276s] Level 1:colcon.colcon_core.package_discovery:discover_packages(prefix_path) using defaults
[0.294s] Level 5:colcon.colcon_core.verb:set package 'robot_description' build argument 'cmake_args' from command line to 'None'
[0.294s] Level 5:colcon.colcon_core.verb:set package 'robot_description' build argument 'cmake_target' from command line to 'None'
[0.294s] Level 5:colcon.colcon_core.verb:set package 'robot_description' build argument 'cmake_target_skip_unavailable' from command line to 'False'
[0.294s] Level 5:colcon.colcon_core.verb:set package 'robot_description' build argument 'cmake_clean_cache' from command line to 'False'
[0.294s] Level 5:colcon.colcon_core.verb:set package 'robot_description' build argument 'cmake_clean_first' from command line to 'False'
[0.294s] Level 5:colcon.colcon_core.verb:set package 'robot_description' build argument 'cmake_force_configure' from command line to 'False'
[0.294s] Level 5:colcon.colcon_core.verb:set package 'robot_description' build argument 'ament_cmake_args' from command line to 'None'
[0.294s] Level 5:colcon.colcon_core.verb:set package 'robot_description' build argument 'catkin_cmake_args' from command line to 'None'
[0.294s] Level 5:colcon.colcon_core.verb:set package 'robot_description' build argument 'catkin_skip_building_tests' from command line to 'False'
[0.294s] DEBUG:colcon.colcon_core.verb:Building package 'robot_description' with the following arguments: {'ament_cmake_args': None, 'build_base': '/home/narjes/robotics_ws/build/robot_description', 'catkin_cmake_args': None, 'catkin_skip_building_tests': False, 'cmake_args': None, 'cmake_clean_cache': False, 'cmake_clean_first': False, 'cmake_force_configure': False, 'cmake_target': None, 'cmake_target_skip_unavailable': False, 'install_base': '/home/narjes/robotics_ws/install/robot_description', 'merge_install': False, 'path': '/home/narjes/robotics_ws/src/robot_description', 'symlink_install': False, 'test_result_base': None}
[0.294s] Level 5:colcon.colcon_core.verb:set package 'robot_estimation' build argument 'cmake_args' from command line to 'None'
[0.294s] Level 5:colcon.colcon_core.verb:set package 'robot_estimation' build argument 'cmake_target' from command line to 'None'
[0.294s] Level 5:colcon.colcon_core.verb:set package 'robot_estimation' build argument 'cmake_target_skip_unavailable' from command line to 'False'
[0.294s] Level 5:colcon.colcon_core.verb:set package 'robot_estimation' build argument 'cmake_clean_cache' from command line to 'False'
[0.294s] Level 5:colcon.colcon_core.verb:set package 'robot_estimation' build argument 'cmake_clean_first' from command line to 'False'
[0.294s] Level 5:colcon.colcon_core.verb:set package 'robot_estimation' build argument 'cmake_force_configure' from command line to 'False'
[0.294s] Level 5:colcon.colcon_core.verb:set package 'robot_estimation' build argument 'ament_cmake_args' from command line to 'None'
[0.294s] Level 5:colcon.colcon_core.verb:set package 'robot_estimation' build argument 'catkin_cmake_args' from command line to 'None'
[0.294s] Level 5:colcon.colcon_core.verb:set package 'robot_estimation' build argument 'catkin_skip_building_tests' from command line to 'False'
[0.294s] DEBUG:colcon.colcon_core.verb:Building package 'robot_estimation' with the following arguments: {'ament_cmake_args': None, 'build_base': '/home/narjes/robotics_ws/build/robot_estimation', 'catkin_cmake_args': None, 'catkin_skip_building_tests': False, 'cmake_args': None, 'cmake_clean_cache': False, 'cmake_clean_first': False, 'cmake_force_configure': False, 'cmake_target': None, 'cmake_target_skip_unavailable': False, 'install_base': '/home/narjes/robotics_ws/install/robot_estimation', 'merge_install': False, 'path': '/home/narjes/robotics_ws/src/robot_estimation', 'symlink_install': False, 'test_result_base': None}
[0.294s] Level 5:colcon.colcon_core.verb:set package 'robot_nav' build argument 'cmake_args' from command line to 'None'
[0.294s] Level 5:colcon.colcon_core.verb:set package 'robot_nav' build argument 'cmake_target' from command line to 'None'
[0.294s] Level 5:colcon.colcon_core.verb:set package 'robot_nav' build argument 'cmake_target_skip_unavailable' from command line to 'False'
[0.294s] Level 5:colcon.colcon_core.verb:set package 'robot_nav' build argument 'cmake_clean_cache' from command line to 'False'
[0.294s] Level 5:colcon.colcon_core.verb:set package 'robot_nav' build argument 'cmake_clean_first' from command line to 'False'
[0.294s] Level 5:colcon.colcon_core.verb:set package 'robot_nav' build argument 'cmake_force_configure' from command line to 'False'
[0.294s] Level 5:colcon.colcon_core.verb:set package 'robot_nav' build argument 'ament_cmake_args' from command line to 'None'
[0.294s] Level 5:colcon.colcon_core.verb:set package 'robot_nav' build argument 'catkin_cmake_args' from command line to 'None'
[0.294s] Level 5:colcon.colcon_core.verb:set package 'robot_nav' build argument 'catkin_skip_building_tests' from command line to 'False'
[0.294s] DEBUG:colcon.colcon_core.verb:Building package 'robot_nav' with the following arguments: {'ament_cmake_args': None, 'build_base': '/home/narjes/robotics_ws/build/robot_nav', 'catkin_cmake_args': None, 'catkin_skip_building_tests': False, 'cmake_args': None, 'cmake_clean_cache': False, 'cmake_clean_first': False, 'cmake_force_configure': False, 'cmake_target': None, 'cmake_target_skip_unavailable': False, 'install_base': '/home/narjes/robotics_ws/install/robot_nav', 'merge_install': False, 'path': '/home/narjes/robotics_ws/src/robot_nav', 'symlink_install': False, 'test_result_base': None}
[0.294s] INFO:colcon.colcon_core.executor:Executing jobs using 'parallel' executor
[0.295s] DEBUG:colcon.colcon_parallel_executor.executor.parallel:run_until_complete
[0.295s] INFO:colcon.colcon_ros.task.ament_cmake.build:Building ROS package in '/home/narjes/robotics_ws/src/robot_description' with build type 'ament_cmake'
[0.295s] INFO:colcon.colcon_cmake.task.cmake.build:Building CMake package in '/home/narjes/robotics_ws/src/robot_description'
[0.297s] INFO:colcon.colcon_core.plugin_system:Skipping extension 'colcon_core.shell.bat': Not used on non-Windows systems
[0.297s] INFO:colcon.colcon_core.shell:Skip shell extension 'powershell' for command environment: Not usable outside of PowerShell
[0.297s] DEBUG:colcon.colcon_core.shell:Skip shell extension 'dsv' for command environment
[0.299s] INFO:colcon.colcon_ros.task.ament_cmake.build:Building ROS package in '/home/narjes/robotics_ws/src/robot_estimation' with build type 'ament_cmake'
[0.299s] INFO:colcon.colcon_cmake.task.cmake.build:Building CMake package in '/home/narjes/robotics_ws/src/robot_estimation'
[0.299s] INFO:colcon.colcon_core.shell:Skip shell extension 'powershell' for command environment: Not usable outside of PowerShell
[0.299s] DEBUG:colcon.colcon_core.shell:Skip shell extension 'dsv' for command environment
[0.300s] INFO:colcon.colcon_ros.task.ament_cmake.build:Building ROS package in '/home/narjes/robotics_ws/src/robot_nav' with build type 'ament_cmake'
[0.300s] INFO:colcon.colcon_cmake.task.cmake.build:Building CMake package in '/home/narjes/robotics_ws/src/robot_nav'
[0.300s] INFO:colcon.colcon_core.shell:Skip shell extension 'powershell' for command environment: Not usable outside of PowerShell
[0.300s] DEBUG:colcon.colcon_core.shell:Skip shell extension 'dsv' for command environment
[0.305s] DEBUG:colcon.colcon_core.event_handler.log_command:Invoking command in '/home/narjes/robotics_ws/build/robot_description': CMAKE_PREFIX_PATH=${CMAKE_PREFIX_PATH}:/opt/ros/humble /usr/bin/cmake /home/narjes/robotics_ws/src/robot_description -DCMAKE_INSTALL_PREFIX=/home/narjes/robotics_ws/install/robot_description
[0.307s] DEBUG:colcon.colcon_core.event_handler.log_command:Invoking command in '/home/narjes/robotics_ws/build/robot_estimation': CMAKE_PREFIX_PATH=${CMAKE_PREFIX_PATH}:/opt/ros/humble /usr/bin/cmake /home/narjes/robotics_ws/src/robot_estimation -DCMAKE_INSTALL_PREFIX=/home/narjes/robotics_ws/install/robot_estimation
[0.308s] DEBUG:colcon.colcon_core.event_handler.log_command:Invoking command in '/home/narjes/robotics_ws/build/robot_nav': CMAKE_PREFIX_PATH=${CMAKE_PREFIX_PATH}:/opt/ros/humble /usr/bin/cmake /home/narjes/robotics_ws/src/robot_nav -DCMAKE_INSTALL_PREFIX=/home/narjes/robotics_ws/install/robot_nav
[1.117s] DEBUG:colcon.colcon_core.event_handler.log_command:Invoked command in '/home/narjes/robotics_ws/build/robot_description' returned '0': CMAKE_PREFIX_PATH=${CMAKE_PREFIX_PATH}:/opt/ros/humble /usr/bin/cmake /home/narjes/robotics_ws/src/robot_description -DCMAKE_INSTALL_PREFIX=/home/narjes/robotics_ws/install/robot_description
[1.118s] DEBUG:colcon.colcon_core.event_handler.log_command:Invoking command in '/home/narjes/robotics_ws/build/robot_description': CMAKE_PREFIX_PATH=${CMAKE_PREFIX_PATH}:/opt/ros/humble /usr/bin/cmake --build /home/narjes/robotics_ws/build/robot_description -- -j20 -l20
[1.126s] DEBUG:colcon.colcon_core.event_handler.log_command:Invoked command in '/home/narjes/robotics_ws/build/robot_nav' returned '0': CMAKE_PREFIX_PATH=${CMAKE_PREFIX_PATH}:/opt/ros/humble /usr/bin/cmake /home/narjes/robotics_ws/src/robot_nav -DCMAKE_INSTALL_PREFIX=/home/narjes/robotics_ws/install/robot_nav
[1.127s] DEBUG:colcon.colcon_core.event_handler.log_command:Invoking command in '/home/narjes/robotics_ws/build/robot_nav': CMAKE_PREFIX_PATH=${CMAKE_PREFIX_PATH}:/opt/ros/humble /usr/bin/cmake --build /home/narjes/robotics_ws/build/robot_nav -- -j20 -l20
[1.128s] DEBUG:colcon.colcon_core.event_handler.log_command:Invoked command in '/home/narjes/robotics_ws/build/robot_estimation' returned '0': CMAKE_PREFIX_PATH=${CMAKE_PREFIX_PATH}:/opt/ros/humble /usr/bin/cmake /home/narjes/robotics_ws/src/robot_estimation -DCMAKE_INSTALL_PREFIX=/home/narjes/robotics_ws/install/robot_estimation
[1.129s] DEBUG:colcon.colcon_core.event_handler.log_command:Invoking command in '/home/narjes/robotics_ws/build/robot_estimation': CMAKE_PREFIX_PATH=${CMAKE_PREFIX_PATH}:/opt/ros/humble /usr/bin/cmake --build /home/narjes/robotics_ws/build/robot_estimation -- -j20 -l20
[12.661s] DEBUG:colcon.colcon_core.event_handler.log_command:Invoked command in '/home/narjes/robotics_ws/build/robot_estimation' returned '0': CMAKE_PREFIX_PATH=${CMAKE_PREFIX_PATH}:/opt/ros/humble /usr/bin/cmake --build /home/narjes/robotics_ws/build/robot_estimation -- -j20 -l20
[12.668s] DEBUG:colcon.colcon_core.event_handler.log_command:Invoking command in '/home/narjes/robotics_ws/build/robot_estimation': CMAKE_PREFIX_PATH=${CMAKE_PREFIX_PATH}:/opt/ros/humble /usr/bin/cmake --install /home/narjes/robotics_ws/build/robot_estimation
[12.689s] Level 1:colcon.colcon_core.environment:create_environment_scripts_only(robot_estimation)
[12.690s] DEBUG:colcon.colcon_core.event_handler.log_command:Invoked command in '/home/narjes/robotics_ws/build/robot_estimation' returned '0': CMAKE_PREFIX_PATH=${CMAKE_PREFIX_PATH}:/opt/ros/humble /usr/bin/cmake --install /home/narjes/robotics_ws/build/robot_estimation
[12.692s] Level 1:colcon.colcon_core.environment:checking '/home/narjes/robotics_ws/install/robot_estimation' for CMake module files
[12.692s] Level 1:colcon.colcon_core.environment:checking '/home/narjes/robotics_ws/install/robot_estimation' for CMake config files
[12.692s] Level 1:colcon.colcon_core.shell:create_environment_hook('robot_estimation', 'cmake_prefix_path')
[12.693s] INFO:colcon.colcon_core.shell:Creating environment hook '/home/narjes/robotics_ws/install/robot_estimation/share/robot_estimation/hook/cmake_prefix_path.ps1'
[12.693s] INFO:colcon.colcon_core.shell:Creating environment descriptor '/home/narjes/robotics_ws/install/robot_estimation/share/robot_estimation/hook/cmake_prefix_path.dsv'
[12.694s] INFO:colcon.colcon_core.shell:Creating environment hook '/home/narjes/robotics_ws/install/robot_estimation/share/robot_estimation/hook/cmake_prefix_path.sh'
[12.695s] Level 1:colcon.colcon_core.environment:checking '/home/narjes/robotics_ws/install/robot_estimation/lib'
[12.695s] Level 1:colcon.colcon_core.environment:checking '/home/narjes/robotics_ws/install/robot_estimation/bin'
[12.695s] Level 1:colcon.colcon_core.environment:checking '/home/narjes/robotics_ws/install/robot_estimation/lib/pkgconfig/robot_estimation.pc'
[12.695s] Level 1:colcon.colcon_core.environment:checking '/home/narjes/robotics_ws/install/robot_estimation/lib/python3.10/site-packages'
[12.695s] Level 1:colcon.colcon_core.environment:checking '/home/narjes/robotics_ws/install/robot_estimation/bin'
[12.696s] INFO:colcon.colcon_core.shell:Creating package script '/home/narjes/robotics_ws/install/robot_estimation/share/robot_estimation/package.ps1'
[12.696s] INFO:colcon.colcon_core.shell:Creating package descriptor '/home/narjes/robotics_ws/install/robot_estimation/share/robot_estimation/package.dsv'
[12.697s] INFO:colcon.colcon_core.shell:Creating package script '/home/narjes/robotics_ws/install/robot_estimation/share/robot_estimation/package.sh'
[12.697s] INFO:colcon.colcon_core.shell:Creating package script '/home/narjes/robotics_ws/install/robot_estimation/share/robot_estimation/package.bash'
[12.698s] INFO:colcon.colcon_core.shell:Creating package script '/home/narjes/robotics_ws/install/robot_estimation/share/robot_estimation/package.zsh'
[12.698s] Level 1:colcon.colcon_core.environment:create_file_with_runtime_dependencies(/home/narjes/robotics_ws/install/robot_estimation/share/colcon-core/packages/robot_estimation)
[12.699s] Level 1:colcon.colcon_core.environment:create_environment_scripts_only(robot_estimation)
[12.699s] Level 1:colcon.colcon_core.environment:checking '/home/narjes/robotics_ws/install/robot_estimation' for CMake module files
[12.699s] Level 1:colcon.colcon_core.environment:checking '/home/narjes/robotics_ws/install/robot_estimation' for CMake config files
[12.699s] Level 1:colcon.colcon_core.shell:create_environment_hook('robot_estimation', 'cmake_prefix_path')
[12.699s] INFO:colcon.colcon_core.shell:Creating environment hook '/home/narjes/robotics_ws/install/robot_estimation/share/robot_estimation/hook/cmake_prefix_path.ps1'
[12.700s] INFO:colcon.colcon_core.shell:Creating environment descriptor '/home/narjes/robotics_ws/install/robot_estimation/share/robot_estimation/hook/cmake_prefix_path.dsv'
[12.700s] INFO:colcon.colcon_core.shell:Creating environment hook '/home/narjes/robotics_ws/install/robot_estimation/share/robot_estimation/hook/cmake_prefix_path.sh'
[12.700s] Level 1:colcon.colcon_core.environment:checking '/home/narjes/robotics_ws/install/robot_estimation/lib'
[12.700s] Level 1:colcon.colcon_core.environment:checking '/home/narjes/robotics_ws/install/robot_estimation/bin'
[12.701s] Level 1:colcon.colcon_core.environment:checking '/home/narjes/robotics_ws/install/robot_estimation/lib/pkgconfig/robot_estimation.pc'
[12.701s] Level 1:colcon.colcon_core.environment:checking '/home/narjes/robotics_ws/install/robot_estimation/lib/python3.10/site-packages'
[12.701s] Level 1:colcon.colcon_core.environment:checking '/home/narjes/robotics_ws/install/robot_estimation/bin'
[12.701s] INFO:colcon.colcon_core.shell:Creating package script '/home/narjes/robotics_ws/install/robot_estimation/share/robot_estimation/package.ps1'
[12.702s] INFO:colcon.colcon_core.shell:Creating package descriptor '/home/narjes/robotics_ws/install/robot_estimation/share/robot_estimation/package.dsv'
[12.702s] INFO:colcon.colcon_core.shell:Creating package script '/home/narjes/robotics_ws/install/robot_estimation/share/robot_estimation/package.sh'
[12.702s] INFO:colcon.colcon_core.shell:Creating package script '/home/narjes/robotics_ws/install/robot_estimation/share/robot_estimation/package.bash'
[12.703s] INFO:colcon.colcon_core.shell:Creating package script '/home/narjes/robotics_ws/install/robot_estimation/share/robot_estimation/package.zsh'
[12.703s] Level 1:colcon.colcon_core.environment:create_file_with_runtime_dependencies(/home/narjes/robotics_ws/install/robot_estimation/share/colcon-core/packages/robot_estimation)
[14.470s] DEBUG:colcon.colcon_core.event_handler.log_command:Invoked command in '/home/narjes/robotics_ws/build/robot_description' returned '0': CMAKE_PREFIX_PATH=${CMAKE_PREFIX_PATH}:/opt/ros/humble /usr/bin/cmake --build /home/narjes/robotics_ws/build/robot_description -- -j20 -l20
[14.472s] DEBUG:colcon.colcon_core.event_handler.log_command:Invoking command in '/home/narjes/robotics_ws/build/robot_description': CMAKE_PREFIX_PATH=${CMAKE_PREFIX_PATH}:/opt/ros/humble /usr/bin/cmake --install /home/narjes/robotics_ws/build/robot_description
[14.502s] Level 1:colcon.colcon_core.environment:create_environment_scripts_only(robot_description)
[14.503s] DEBUG:colcon.colcon_core.event_handler.log_command:Invoked command in '/home/narjes/robotics_ws/build/robot_description' returned '0': CMAKE_PREFIX_PATH=${CMAKE_PREFIX_PATH}:/opt/ros/humble /usr/bin/cmake --install /home/narjes/robotics_ws/build/robot_description
[14.503s] Level 1:colcon.colcon_core.environment:checking '/home/narjes/robotics_ws/install/robot_description' for CMake module files
[14.503s] Level 1:colcon.colcon_core.environment:checking '/home/narjes/robotics_ws/install/robot_description' for CMake config files
[14.503s] Level 1:colcon.colcon_core.shell:create_environment_hook('robot_description', 'cmake_prefix_path')
[14.503s] INFO:colcon.colcon_core.shell:Creating environment hook '/home/narjes/robotics_ws/install/robot_description/share/robot_description/hook/cmake_prefix_path.ps1'
[14.504s] INFO:colcon.colcon_core.shell:Creating environment descriptor '/home/narjes/robotics_ws/install/robot_description/share/robot_description/hook/cmake_prefix_path.dsv'
[14.504s] INFO:colcon.colcon_core.shell:Creating environment hook '/home/narjes/robotics_ws/install/robot_description/share/robot_description/hook/cmake_prefix_path.sh'
[14.504s] Level 1:colcon.colcon_core.environment:checking '/home/narjes/robotics_ws/install/robot_description/lib'
[14.504s] Level 1:colcon.colcon_core.environment:checking '/home/narjes/robotics_ws/install/robot_description/bin'
[14.504s] Level 1:colcon.colcon_core.environment:checking '/home/narjes/robotics_ws/install/robot_description/lib/pkgconfig/robot_description.pc'
[14.504s] Level 1:colcon.colcon_core.environment:checking '/home/narjes/robotics_ws/install/robot_description/lib/python3.10/site-packages'
[14.505s] Level 1:colcon.colcon_core.environment:checking '/home/narjes/robotics_ws/install/robot_description/bin'
[14.505s] INFO:colcon.colcon_core.shell:Creating package script '/home/narjes/robotics_ws/install/robot_description/share/robot_description/package.ps1'
[14.505s] INFO:colcon.colcon_core.shell:Creating package descriptor '/home/narjes/robotics_ws/install/robot_description/share/robot_description/package.dsv'
[14.505s] INFO:colcon.colcon_core.shell:Creating package script '/home/narjes/robotics_ws/install/robot_description/share/robot_description/package.sh'
[14.505s] INFO:colcon.colcon_core.shell:Creating package script '/home/narjes/robotics_ws/install/robot_description/share/robot_description/package.bash'
[14.505s] INFO:colcon.colcon_core.shell:Creating package script '/home/narjes/robotics_ws/install/robot_description/share/robot_description/package.zsh'
[14.506s] Level 1:colcon.colcon_core.environment:create_file_with_runtime_dependencies(/home/narjes/robotics_ws/install/robot_description/share/colcon-core/packages/robot_description)
[14.506s] Level 1:colcon.colcon_core.environment:create_environment_scripts_only(robot_description)
[14.506s] Level 1:colcon.colcon_core.environment:checking '/home/narjes/robotics_ws/install/robot_description' for CMake module files
[14.506s] Level 1:colcon.colcon_core.environment:checking '/home/narjes/robotics_ws/install/robot_description' for CMake config files
[14.506s] Level 1:colcon.colcon_core.shell:create_environment_hook('robot_description', 'cmake_prefix_path')
[14.506s] INFO:colcon.colcon_core.shell:Creating environment hook '/home/narjes/robotics_ws/install/robot_description/share/robot_description/hook/cmake_prefix_path.ps1'
[14.507s] INFO:colcon.colcon_core.shell:Creating environment descriptor '/home/narjes/robotics_ws/install/robot_description/share/robot_description/hook/cmake_prefix_path.dsv'
[14.507s] INFO:colcon.colcon_core.shell:Creating environment hook '/home/narjes/robotics_ws/install/robot_description/share/robot_description/hook/cmake_prefix_path.sh'
[14.507s] Level 1:colcon.colcon_core.environment:checking '/home/narjes/robotics_ws/install/robot_description/lib'
[14.507s] Level 1:colcon.colcon_core.environment:checking '/home/narjes/robotics_ws/install/robot_description/bin'
[14.507s] Level 1:colcon.colcon_core.environment:checking '/home/narjes/robotics_ws/install/robot_description/lib/pkgconfig/robot_description.pc'
[14.507s] Level 1:colcon.colcon_core.environment:checking '/home/narjes/robotics_ws/install/robot_description/lib/python3.10/site-packages'
[14.507s] Level 1:colcon.colcon_core.environment:checking '/home/narjes/robotics_ws/install/robot_description/bin'
[14.507s] INFO:colcon.colcon_core.shell:Creating package script '/home/narjes/robotics_ws/install/robot_description/share/robot_description/package.ps1'
[14.508s] INFO:colcon.colcon_core.shell:Creating package descriptor '/home/narjes/robotics_ws/install/robot_description/share/robot_description/package.dsv'
[14.508s] INFO:colcon.colcon_core.shell:Creating package script '/home/narjes/robotics_ws/install/robot_description/share/robot_description/package.sh'
[14.508s] INFO:colcon.colcon_core.shell:Creating package script '/home/narjes/robotics_ws/install/robot_description/share/robot_description/package.bash'
[14.508s] INFO:colcon.colcon_core.shell:Creating package script '/home/narjes/robotics_ws/install/robot_description/share/robot_description/package.zsh'
[14.508s] Level 1:colcon.colcon_core.environment:create_file_with_runtime_dependencies(/home/narjes/robotics_ws/install/robot_description/share/colcon-core/packages/robot_description)
[14.751s] DEBUG:colcon.colcon_core.event_handler.log_command:Invoked command in '/home/narjes/robotics_ws/build/robot_nav' returned '0': CMAKE_PREFIX_PATH=${CMAKE_PREFIX_PATH}:/opt/ros/humble /usr/bin/cmake --build /home/narjes/robotics_ws/build/robot_nav -- -j20 -l20
[14.752s] DEBUG:colcon.colcon_core.event_handler.log_command:Invoking command in '/home/narjes/robotics_ws/build/robot_nav': CMAKE_PREFIX_PATH=${CMAKE_PREFIX_PATH}:/opt/ros/humble /usr/bin/cmake --install /home/narjes/robotics_ws/build/robot_nav
[14.767s] Level 1:colcon.colcon_core.environment:create_environment_scripts_only(robot_nav)
[14.767s] DEBUG:colcon.colcon_core.event_handler.log_command:Invoked command in '/home/narjes/robotics_ws/build/robot_nav' returned '0': CMAKE_PREFIX_PATH=${CMAKE_PREFIX_PATH}:/opt/ros/humble /usr/bin/cmake --install /home/narjes/robotics_ws/build/robot_nav
[14.767s] Level 1:colcon.colcon_core.environment:checking '/home/narjes/robotics_ws/install/robot_nav' for CMake module files
[14.767s] Level 1:colcon.colcon_core.environment:checking '/home/narjes/robotics_ws/install/robot_nav' for CMake config files
[14.768s] Level 1:colcon.colcon_core.shell:create_environment_hook('robot_nav', 'cmake_prefix_path')
[14.768s] INFO:colcon.colcon_core.shell:Creating environment hook '/home/narjes/robotics_ws/install/robot_nav/share/robot_nav/hook/cmake_prefix_path.ps1'
[14.768s] INFO:colcon.colcon_core.shell:Creating environment descriptor '/home/narjes/robotics_ws/install/robot_nav/share/robot_nav/hook/cmake_prefix_path.dsv'
[14.768s] INFO:colcon.colcon_core.shell:Creating environment hook '/home/narjes/robotics_ws/install/robot_nav/share/robot_nav/hook/cmake_prefix_path.sh'
[14.768s] Level 1:colcon.colcon_core.environment:checking '/home/narjes/robotics_ws/install/robot_nav/lib'
[14.768s] Level 1:colcon.colcon_core.environment:checking '/home/narjes/robotics_ws/install/robot_nav/bin'
[14.768s] Level 1:colcon.colcon_core.environment:checking '/home/narjes/robotics_ws/install/robot_nav/lib/pkgconfig/robot_nav.pc'
[14.769s] Level 1:colcon.colcon_core.environment:checking '/home/narjes/robotics_ws/install/robot_nav/lib/python3.10/site-packages'
[14.769s] Level 1:colcon.colcon_core.environment:checking '/home/narjes/robotics_ws/install/robot_nav/bin'
[14.769s] INFO:colcon.colcon_core.shell:Creating package script '/home/narjes/robotics_ws/install/robot_nav/share/robot_nav/package.ps1'
[14.769s] INFO:colcon.colcon_core.shell:Creating package descriptor '/home/narjes/robotics_ws/install/robot_nav/share/robot_nav/package.dsv'
[14.769s] INFO:colcon.colcon_core.shell:Creating package script '/home/narjes/robotics_ws/install/robot_nav/share/robot_nav/package.sh'
[14.769s] INFO:colcon.colcon_core.shell:Creating package script '/home/narjes/robotics_ws/install/robot_nav/share/robot_nav/package.bash'
[14.770s] INFO:colcon.colcon_core.shell:Creating package script '/home/narjes/robotics_ws/install/robot_nav/share/robot_nav/package.zsh'
[14.770s] Level 1:colcon.colcon_core.environment:create_file_with_runtime_dependencies(/home/narjes/robotics_ws/install/robot_nav/share/colcon-core/packages/robot_nav)
[14.770s] Level 1:colcon.colcon_core.environment:create_environment_scripts_only(robot_nav)
[14.770s] Level 1:colcon.colcon_core.environment:checking '/home/narjes/robotics_ws/install/robot_nav' for CMake module files
[14.770s] Level 1:colcon.colcon_core.environment:checking '/home/narjes/robotics_ws/install/robot_nav' for CMake config files
[14.770s] Level 1:colcon.colcon_core.shell:create_environment_hook('robot_nav', 'cmake_prefix_path')
[14.770s] INFO:colcon.colcon_core.shell:Creating environment hook '/home/narjes/robotics_ws/install/robot_nav/share/robot_nav/hook/cmake_prefix_path.ps1'
[14.771s] INFO:colcon.colcon_core.shell:Creating environment descriptor '/home/narjes/robotics_ws/install/robot_nav/share/robot_nav/hook/cmake_prefix_path.dsv'
[14.771s] INFO:colcon.colcon_core.shell:Creating environment hook '/home/narjes/robotics_ws/install/robot_nav/share/robot_nav/hook/cmake_prefix_path.sh'
[14.771s] Level 1:colcon.colcon_core.environment:checking '/home/narjes/robotics_ws/install/robot_nav/lib'
[14.771s] Level 1:colcon.colcon_core.environment:checking '/home/narjes/robotics_ws/install/robot_nav/bin'
[14.771s] Level 1:colcon.colcon_core.environment:checking '/home/narjes/robotics_ws/install/robot_nav/lib/pkgconfig/robot_nav.pc'
[14.771s] Level 1:colcon.colcon_core.environment:checking '/home/narjes/robotics_ws/install/robot_nav/lib/python3.10/site-packages'
[14.771s] Level 1:colcon.colcon_core.environment:checking '/home/narjes/robotics_ws/install/robot_nav/bin'
[14.771s] INFO:colcon.colcon_core.shell:Creating package script '/home/narjes/robotics_ws/install/robot_nav/share/robot_nav/package.ps1'
[14.772s] INFO:colcon.colcon_core.shell:Creating package descriptor '/home/narjes/robotics_ws/install/robot_nav/share/robot_nav/package.dsv'
[14.772s] INFO:colcon.colcon_core.shell:Creating package script '/home/narjes/robotics_ws/install/robot_nav/share/robot_nav/package.sh'
[14.772s] INFO:colcon.colcon_core.shell:Creating package script '/home/narjes/robotics_ws/install/robot_nav/share/robot_nav/package.bash'
[14.772s] INFO:colcon.colcon_core.shell:Creating package script '/home/narjes/robotics_ws/install/robot_nav/share/robot_nav/package.zsh'
[14.772s] Level 1:colcon.colcon_core.environment:create_file_with_runtime_dependencies(/home/narjes/robotics_ws/install/robot_nav/share/colcon-core/packages/robot_nav)
[14.772s] DEBUG:colcon.colcon_parallel_executor.executor.parallel:closing loop
[14.773s] DEBUG:colcon.colcon_parallel_executor.executor.parallel:loop closed
[14.773s] DEBUG:colcon.colcon_parallel_executor.executor.parallel:run_until_complete finished with '0'
[14.773s] DEBUG:colcon.colcon_core.event_reactor:joining thread
[14.776s] INFO:colcon.colcon_core.plugin_system:Skipping extension 'colcon_notification.desktop_notification.terminal_notifier': Not used on non-Darwin systems
[14.776s] INFO:colcon.colcon_core.plugin_system:Skipping extension 'colcon_notification.desktop_notification.win32': Not used on non-Windows systems
[14.776s] INFO:colcon.colcon_notification.desktop_notification:Sending desktop notification using 'notify2'
[14.785s] DEBUG:colcon.colcon_core.event_reactor:joined thread
[14.786s] INFO:colcon.colcon_core.shell:Creating prefix script '/home/narjes/robotics_ws/install/local_setup.ps1'
[14.786s] INFO:colcon.colcon_core.shell:Creating prefix util module '/home/narjes/robotics_ws/install/_local_setup_util_ps1.py'
[14.787s] INFO:colcon.colcon_core.shell:Creating prefix chain script '/home/narjes/robotics_ws/install/setup.ps1'
[14.788s] INFO:colcon.colcon_core.shell:Creating prefix script '/home/narjes/robotics_ws/install/local_setup.sh'
[14.788s] INFO:colcon.colcon_core.shell:Creating prefix util module '/home/narjes/robotics_ws/install/_local_setup_util_sh.py'
[14.788s] INFO:colcon.colcon_core.shell:Creating prefix chain script '/home/narjes/robotics_ws/install/setup.sh'
[14.789s] INFO:colcon.colcon_core.shell:Creating prefix script '/home/narjes/robotics_ws/install/local_setup.bash'
[14.789s] INFO:colcon.colcon_core.shell:Creating prefix chain script '/home/narjes/robotics_ws/install/setup.bash'
[14.789s] INFO:colcon.colcon_core.shell:Creating prefix script '/home/narjes/robotics_ws/install/local_setup.zsh'
[14.790s] INFO:colcon.colcon_core.shell:Creating prefix chain script '/home/narjes/robotics_ws/install/setup.zsh'
