-- The C compiler identification is GNU 11.4.0
-- The CXX compiler identification is GNU 11.4.0
-- Detecting C compiler ABI info
-- Detecting C compiler ABI info - done
-- Check for working C compiler: /usr/bin/cc - skipped
-- Detecting C compile features
-- Detecting C compile features - done
-- Detecting CXX compiler ABI info
-- Detecting CXX compiler ABI info - done
-- Check for working CXX compiler: /usr/bin/c++ - skipped
-- Detecting CXX compile features
-- Detecting CXX compile features - done
-- Found ament_cmake: 1.3.12 (/opt/ros/humble/share/ament_cmake/cmake)
-- Found Python3: /usr/bin/python3 (found version "3.10.12") found components: Interpreter 
-- Found rclcpp: 16.0.15 (/opt/ros/humble/share/rclcpp/cmake)
-- Found rosidl_generator_c: 3.1.7 (/opt/ros/humble/share/rosidl_generator_c/cmake)
-- Found rosidl_adapter: 3.1.7 (/opt/ros/humble/share/rosidl_adapter/cmake)
-- Found rosidl_generator_cpp: 3.1.7 (/opt/ros/humble/share/rosidl_generator_cpp/cmake)
-- Using all available rosidl_typesupport_c: rosidl_typesupport_fastrtps_c;rosidl_typesupport_introspection_c
-- Using all available rosidl_typesupport_cpp: rosidl_typesupport_fastrtps_cpp;rosidl_typesupport_introspection_cpp
-- Found rmw_implementation_cmake: 6.1.2 (/opt/ros/humble/share/rmw_implementation_cmake/cmake)
-- Found rmw_fastrtps_cpp: 6.2.9 (/opt/ros/humble/share/rmw_fastrtps_cpp/cmake)
-- Found OpenSSL: /usr/lib/x86_64-linux-gnu/libcrypto.so (found version "3.0.2")  
-- Found FastRTPS: /opt/ros/humble/include  
-- Using RMW implementation 'rmw_fastrtps_cpp' as default
-- Looking for pthread.h
-- Looking for pthread.h - found
-- Performing Test CMAKE_HAVE_LIBC_PTHREAD
-- Performing Test CMAKE_HAVE_LIBC_PTHREAD - Success
-- Found Threads: TRUE  
-- Found sensor_msgs: 4.9.0 (/opt/ros/humble/share/sensor_msgs/cmake)
-- Found nav_msgs: 4.9.0 (/opt/ros/humble/share/nav_msgs/cmake)
-- Found std_srvs: 4.9.0 (/opt/ros/humble/share/std_srvs/cmake)
-- Found tf2: 0.25.16 (/opt/ros/humble/share/tf2/cmake)
-- Found tf2_ros: 0.25.16 (/opt/ros/humble/share/tf2_ros/cmake)
-- Found tf2_geometry_msgs: 0.25.16 (/opt/ros/humble/share/tf2_geometry_msgs/cmake)
-- Found eigen3_cmake_module: 0.1.1 (/opt/ros/humble/share/eigen3_cmake_module/cmake)
-- Found Eigen3: TRUE (found version "3.4.0") 
-- Ensuring Eigen3 include directory is part of orocos-kdl CMake target
-- Found ament_lint_auto: 0.12.14 (/opt/ros/humble/share/ament_lint_auto/cmake)
-- Added test 'cppcheck' to perform static code analysis on C / C++ code
-- Configured cppcheck include dirs: /home/narjes/robotics_ws/src/robot_nav/include
-- Configured cppcheck exclude dirs and/or files: 
-- Added test 'flake8' to check Python code syntax and style conventions
-- Added test 'lint_cmake' to check CMake code style
-- Added test 'pep257' to check Python code against some of the docstring style conventions in PEP 257
-- Added test 'uncrustify' to check C / C++ code style
-- Configured uncrustify additional arguments: 
-- Added test 'xmllint' to check XML markup files
-- Configuring done
-- Generating done
-- Build files have been written to: /home/narjes/robotics_ws/build/robot_nav
[ 12%] [32mBuilding CXX object CMakeFiles/lpf_node.dir/scripts/lpf.cpp.o[0m
[ 25%] [32mBuilding CXX object CMakeFiles/complementary_position_node.dir/scripts/complementary_position.cpp.o[0m
[ 37%] [32mBuilding CXX object CMakeFiles/data_node.dir/scripts/data.cpp.o[0m
[ 50%] [32mBuilding CXX object CMakeFiles/bias_correct_node.dir/scripts/bias_correct.cpp.o[0m
[ 62%] [32m[1mLinking CXX executable lpf_node[0m
[ 75%] [32m[1mLinking CXX executable bias_correct_node[0m
[ 75%] Built target lpf_node
[ 87%] [32m[1mLinking CXX executable complementary_position_node[0m
[ 87%] Built target bias_correct_node
[ 87%] Built target complementary_position_node
[100%] [32m[1mLinking CXX executable data_node[0m
[100%] Built target data_node
-- Install configuration: ""
-- Installing: /home/narjes/robotics_ws/install/robot_nav/share/robot_nav/scripts
-- Installing: /home/narjes/robotics_ws/install/robot_nav/share/robot_nav/scripts/bias_correct.cpp
-- Installing: /home/narjes/robotics_ws/install/robot_nav/share/robot_nav/scripts/data.cpp
-- Installing: /home/narjes/robotics_ws/install/robot_nav/share/robot_nav/scripts/lpf.cpp
-- Installing: /home/narjes/robotics_ws/install/robot_nav/share/robot_nav/scripts/complementary_position.cpp
-- Installing: /home/narjes/robotics_ws/install/robot_nav/share/robot_nav/launch
-- Installing: /home/narjes/robotics_ws/install/robot_nav/share/robot_nav/launch/nav.launch.py
-- Installing: /home/narjes/robotics_ws/install/robot_nav/share/robot_nav/rviz
-- Installing: /home/narjes/robotics_ws/install/robot_nav/share/robot_nav/rviz/display.rviz
-- Installing: /home/narjes/robotics_ws/install/robot_nav/lib/robot_nav/data_node
-- Set runtime path of "/home/narjes/robotics_ws/install/robot_nav/lib/robot_nav/data_node" to ""
-- Installing: /home/narjes/robotics_ws/install/robot_nav/lib/robot_nav/lpf_node
-- Set runtime path of "/home/narjes/robotics_ws/install/robot_nav/lib/robot_nav/lpf_node" to ""
-- Installing: /home/narjes/robotics_ws/install/robot_nav/lib/robot_nav/bias_correct_node
-- Set runtime path of "/home/narjes/robotics_ws/install/robot_nav/lib/robot_nav/bias_correct_node" to ""
-- Installing: /home/narjes/robotics_ws/install/robot_nav/lib/robot_nav/complementary_position_node
-- Set runtime path of "/home/narjes/robotics_ws/install/robot_nav/lib/robot_nav/complementary_position_node" to ""
-- Installing: /home/narjes/robotics_ws/install/robot_nav/share/ament_index/resource_index/package_run_dependencies/robot_nav
-- Installing: /home/narjes/robotics_ws/install/robot_nav/share/ament_index/resource_index/parent_prefix_path/robot_nav
-- Installing: /home/narjes/robotics_ws/install/robot_nav/share/robot_nav/environment/ament_prefix_path.sh
-- Installing: /home/narjes/robotics_ws/install/robot_nav/share/robot_nav/environment/ament_prefix_path.dsv
-- Installing: /home/narjes/robotics_ws/install/robot_nav/share/robot_nav/environment/path.sh
-- Installing: /home/narjes/robotics_ws/install/robot_nav/share/robot_nav/environment/path.dsv
-- Installing: /home/narjes/robotics_ws/install/robot_nav/share/robot_nav/local_setup.bash
-- Installing: /home/narjes/robotics_ws/install/robot_nav/share/robot_nav/local_setup.sh
-- Installing: /home/narjes/robotics_ws/install/robot_nav/share/robot_nav/local_setup.zsh
-- Installing: /home/narjes/robotics_ws/install/robot_nav/share/robot_nav/local_setup.dsv
-- Installing: /home/narjes/robotics_ws/install/robot_nav/share/robot_nav/package.dsv
-- Installing: /home/narjes/robotics_ws/install/robot_nav/share/ament_index/resource_index/packages/robot_nav
-- Installing: /home/narjes/robotics_ws/install/robot_nav/share/robot_nav/cmake/robot_navConfig.cmake
-- Installing: /home/narjes/robotics_ws/install/robot_nav/share/robot_nav/cmake/robot_navConfig-version.cmake
-- Installing: /home/narjes/robotics_ws/install/robot_nav/share/robot_nav/package.xml
